<?xml version="1.0" encoding="UTF-8"?>
<!-- Generated by org.testng.reporters.JUnitXMLReporter -->
<testsuite ignored="0" hostname="DESKTOP-FR921NH" failures="1" tests="10" name="Default test" time="552.749" errors="0" timestamp="2022-01-19T22:42:22 IST">
  <testcase classname="io.cucumber.testng.AbstractTestNGCucumberTests" name="runScenario" time="160.02"/>
  <testcase classname="io.cucumber.testng.AbstractTestNGCucumberTests" name="runScenario" time="65.932"/>
  <testcase classname="io.cucumber.testng.AbstractTestNGCucumberTests" name="runScenario" time="41.141"/>
  <testcase classname="io.cucumber.testng.AbstractTestNGCucumberTests" name="runScenario" time="47.878">
    <failure type="com.mindtree.exceptions.ReusableComponentException" message="img is not able clicked in page img">
      <![CDATA[com.mindtree.exceptions.ReusableComponentException: img is not able clicked in page img
at com.mindtree.reusableComponents.WebDriverSupport.click(WebDriverSupport.java:22)
at com.mindtree.pageObject.Signout.SignOut(Signout.java:35)
at com.mindtree.stepDefinitions.SignoutStepDef.click_on_sign_out_in_so(SignoutStepDef.java:59)
at ✽.click on sign out in so(file:///C:/Users/DELL/Desktop/COMPREHENSIVE%20ASSESMENTS/Comprehensive%20assesments/Comprehensive_Assesment-Bdd-main/Features/Signout.feature:9)
]]>
    </failure>
  </testcase> <!-- runScenario -->
  <testcase classname="io.cucumber.testng.AbstractTestNGCucumberTests" name="runScenario" time="49.872"/>
  <testcase classname="io.cucumber.testng.AbstractTestNGCucumberTests" name="runScenario" time="32.312"/>
  <testcase classname="io.cucumber.testng.AbstractTestNGCucumberTests" name="runScenario" time="37.345"/>
  <testcase classname="io.cucumber.testng.AbstractTestNGCucumberTests" name="runScenario" time="41.353"/>
  <testcase classname="io.cucumber.testng.AbstractTestNGCucumberTests" name="runScenario" time="45.451"/>
  <testcase classname="io.cucumber.testng.AbstractTestNGCucumberTests" name="runScenario" time="26.542"/>
</testsuite> <!-- Default test -->
