<?xml version="1.0" encoding="UTF-8"?>
<testsuite xmlns:xsi="http://www.w3.org/2001/XMLSchema-instance" xsi:noNamespaceSchemaLocation="https://maven.apache.org/surefire/maven-surefire-plugin/xsd/surefire-test-report-3.0.xsd" version="3.0" name="TestSuite" time="497.978" tests="10" errors="0" skipped="0" failures="0">
  <properties>
[...]
</properties>
  <testcase name="runScenario[&quot;corporate car rental page&quot;, &quot;Optional[Corporate car rental]&quot;](1)" classname="com.mindtree.runner.BDDTestRunner" time="83.959">
    <system-out><![CDATA[CorporateCarRental
01-19-2022 22:51:42 ExtentLogUtilities.java INFO  [main] stepDefinitions.outstationStepDef 14 - URL Opened
01-19-2022 22:51:44 ExtentLogUtilities.java INFO  [main] stepDefinitions.outstationStepDef 14 - car rental is clicked in page rental
01-19-2022 22:51:52 ExtentLogUtilities.java INFO  [main] stepDefinitions.outstationStepDef 14 - name is clicked in page name
01-19-2022 22:51:53 ExtentLogUtilities.java INFO  [main] stepDefinitions.outstationStepDef 14 - name is send in page name
01-19-2022 22:51:55 ExtentLogUtilities.java INFO  [main] stepDefinitions.outstationStepDef 14 - company name is clicked in page compname
01-19-2022 22:51:56 ExtentLogUtilities.java INFO  [main] stepDefinitions.outstationStepDef 14 - company name is send in page compname
01-19-2022 22:51:58 ExtentLogUtilities.java INFO  [main] stepDefinitions.outstationStepDef 14 - email is clicked in page email
01-19-2022 22:51:59 ExtentLogUtilities.java INFO  [main] stepDefinitions.outstationStepDef 14 - email is send in page email
01-19-2022 22:52:01 ExtentLogUtilities.java INFO  [main] stepDefinitions.outstationStepDef 14 - phone no is clicked in page phoneno
01-19-2022 22:52:02 ExtentLogUtilities.java INFO  [main] stepDefinitions.outstationStepDef 14 - phone no is send in page phoneno
01-19-2022 22:52:04 ExtentLogUtilities.java INFO  [main] stepDefinitions.outstationStepDef 14 - submit is clicked in page submit
01-19-2022 22:52:26 ExtentLogUtilities.java INFO  [main] stepDefinitions.outstationStepDef 14 - result detail shown 
01-19-2022 22:52:28 ExtentLogUtilities.java INFO  [main] stepDefinitions.outstationStepDef 14 - home page is clicked in page home page
]]></system-out>
    <system-err><![CDATA[Starting ChromeDriver 96.0.4664.45 (76e4c1bb2ab4671b8beba3444e61c0f17584b2fc-refs/branch-heads/4664@{#947}) on port 21857
Only local connections are allowed.
Please see https://chromedriver.chromium.org/security-considerations for suggestions on keeping ChromeDriver safe.
ChromeDriver was started successfully.
[1642612873.960][WARNING]: This version of ChromeDriver has not been tested with Chrome version 97.
Jan 19, 2022 10:51:17 PM org.openqa.selenium.remote.ProtocolHandshake createSession
INFO: Detected dialect: W3C
]]></system-err>
  </testcase>
  <testcase name="runScenario[&quot;selecting chen-trl in in onewaycab&quot;, &quot;Optional[Oneway cab page]&quot;](2)" classname="com.mindtree.runner.BDDTestRunner" time="48.829">
    <system-out><![CDATA[OneWayCabs
01-19-2022 22:52:46 ExtentLogUtilities.java INFO  [main] stepDefinitions.validpageStepDef 14 - URL Opened
01-19-2022 22:52:49 ExtentLogUtilities.java INFO  [main] stepDefinitions.validpageStepDef 14 - One way cab is clicked in page onewaycab
01-19-2022 22:53:03 ExtentLogUtilities.java INFO  [main] stepDefinitions.validpageStepDef 14 - chennaitab is clicked in page chennai
01-19-2022 22:53:08 ExtentLogUtilities.java INFO  [main] stepDefinitions.validpageStepDef 14 - trl is clicked in page trl
Book Outstation Cabs, Local & Airport Taxi Service - India's Leading Car Rentals
01-19-2022 22:53:19 ExtentLogUtilities.java INFO  [main] stepDefinitions.validpageStepDef 14 - home page is clicked in page home page
]]></system-out>
    <system-err><![CDATA[Starting ChromeDriver 96.0.4664.45 (76e4c1bb2ab4671b8beba3444e61c0f17584b2fc-refs/branch-heads/4664@{#947}) on port 18929
Only local connections are allowed.
Please see https://chromedriver.chromium.org/security-considerations for suggestions on keeping ChromeDriver safe.
ChromeDriver was started successfully.
[1642612955.342][WARNING]: This version of ChromeDriver has not been tested with Chrome version 97.
Jan 19, 2022 10:52:35 PM org.openqa.selenium.remote.ProtocolHandshake createSession
INFO: Detected dialect: W3C
]]></system-err>
  </testcase>
  <testcase name="runScenario[&quot;Validating With valid Email And Password&quot;, &quot;Optional[Log in Validation]&quot;](3)" classname="com.mindtree.runner.BDDTestRunner" time="36.041">
    <system-out><![CDATA[Valid page
01-19-2022 22:53:40 ExtentLogUtilities.java INFO  [main] stepDefinitions.validpageStepDef 14 - URL Opened
01-19-2022 22:53:42 ExtentLogUtilities.java INFO  [main] stepDefinitions.validpageStepDef 14 - signin is clicked in page home page
01-19-2022 22:53:49 ExtentLogUtilities.java INFO  [main] stepDefinitions.validpageStepDef 14 - Email field is send in page Account Log in
01-19-2022 22:53:51 ExtentLogUtilities.java INFO  [main] stepDefinitions.validpageStepDef 14 - password field is send in page Account Log in
01-19-2022 22:53:52 ExtentLogUtilities.java INFO  [main] stepDefinitions.validpageStepDef 14 - sign in button is clicked in page Account Log in
01-19-2022 22:53:54 ExtentLogUtilities.java INFO  [main] stepDefinitions.validpageStepDef 14 - Successfully logged in
]]></system-out>
    <system-err><![CDATA[Starting ChromeDriver 96.0.4664.45 (76e4c1bb2ab4671b8beba3444e61c0f17584b2fc-refs/branch-heads/4664@{#947}) on port 25986
Only local connections are allowed.
Please see https://chromedriver.chromium.org/security-considerations for suggestions on keeping ChromeDriver safe.
ChromeDriver was started successfully.
[1642613004.792][WARNING]: This version of ChromeDriver has not been tested with Chrome version 97.
Jan 19, 2022 10:53:25 PM org.openqa.selenium.remote.ProtocolHandshake createSession
INFO: Detected dialect: W3C
]]></system-err>
  </testcase>
  <testcase name="runScenario[&quot;signout application&quot;, &quot;Optional[signout app]&quot;](4)" classname="com.mindtree.runner.BDDTestRunner" time="64.423">
    <system-out><![CDATA[Signout
01-19-2022 22:54:14 ExtentLogUtilities.java INFO  [main] stepDefinitions.outstationStepDef 14 - URL Opened
01-19-2022 22:54:16 ExtentLogUtilities.java INFO  [main] stepDefinitions.outstationStepDef 14 - signin is clicked in page home page
01-19-2022 22:54:23 ExtentLogUtilities.java INFO  [main] stepDefinitions.outstationStepDef 14 - Email field is send in page Account Log in
01-19-2022 22:54:23 ExtentLogUtilities.java INFO  [main] stepDefinitions.outstationStepDef 14 - password field is send in page Account Log in
01-19-2022 22:54:25 ExtentLogUtilities.java INFO  [main] stepDefinitions.outstationStepDef 14 - sign in button is clicked in page Account Log in
01-19-2022 22:54:26 ExtentLogUtilities.java INFO  [main] stepDefinitions.outstationStepDef 14 - img is clicked in page img
01-19-2022 22:54:29 ExtentLogUtilities.java INFO  [main] stepDefinitions.outstationStepDef 14 - bookings is clicked in page bookings
01-19-2022 22:54:33 ExtentLogUtilities.java INFO  [main] stepDefinitions.outstationStepDef 14 - cancelled is clicked in page cancelled
01-19-2022 22:54:36 ExtentLogUtilities.java INFO  [main] stepDefinitions.outstationStepDef 14 - completed is clicked in page completed
01-19-2022 22:54:39 ExtentLogUtilities.java INFO  [main] stepDefinitions.outstationStepDef 14 - booknow is clicked in page booknow
01-19-2022 22:54:43 ExtentLogUtilities.java INFO  [main] stepDefinitions.outstationStepDef 14 - img is clicked in page img
01-19-2022 22:54:46 ExtentLogUtilities.java INFO  [main] stepDefinitions.outstationStepDef 14 - accountsetting is clicked in page accountsetting
01-19-2022 22:54:51 ExtentLogUtilities.java INFO  [main] stepDefinitions.outstationStepDef 14 - home is clicked in page home
01-19-2022 22:54:54 ExtentLogUtilities.java INFO  [main] stepDefinitions.outstationStepDef 14 - img is clicked in page img
01-19-2022 22:54:58 ExtentLogUtilities.java INFO  [main] stepDefinitions.outstationStepDef 14 - logout is clicked in page logout
01-19-2022 22:54:59 ExtentLogUtilities.java INFO  [main] stepDefinitions.outstationStepDef 14 - Signed out sucessfully 
]]></system-out>
    <system-err><![CDATA[Starting ChromeDriver 96.0.4664.45 (76e4c1bb2ab4671b8beba3444e61c0f17584b2fc-refs/branch-heads/4664@{#947}) on port 18978
Only local connections are allowed.
Please see https://chromedriver.chromium.org/security-considerations for suggestions on keeping ChromeDriver safe.
ChromeDriver was started successfully.
[1642613040.111][WARNING]: This version of ChromeDriver has not been tested with Chrome version 97.
Jan 19, 2022 10:54:01 PM org.openqa.selenium.remote.ProtocolHandshake createSession
INFO: Detected dialect: W3C
]]></system-err>
  </testcase>
  <testcase name="runScenario[&quot;selecting car in airport&quot;, &quot;Optional[airport book]&quot;](5)" classname="com.mindtree.runner.BDDTestRunner" time="61.573">
    <system-out><![CDATA[airport page
01-19-2022 22:55:22 ExtentLogUtilities.java INFO  [main] stepDefinitions.validpageStepDef 14 - URL Opened
01-19-2022 22:55:25 ExtentLogUtilities.java INFO  [main] stepDefinitions.validpageStepDef 14 - airport button is clicked in page Home Page
01-19-2022 22:55:27 ExtentLogUtilities.java INFO  [main] stepDefinitions.validpageStepDef 14 - from bar is clicked in page airport Page
01-19-2022 22:55:28 ExtentLogUtilities.java INFO  [main] stepDefinitions.validpageStepDef 14 - from Bar is send in page airport Page
01-19-2022 22:55:31 ExtentLogUtilities.java INFO  [main] stepDefinitions.validpageStepDef 14 - from is clicked in page Airport Page
01-19-2022 22:55:34 ExtentLogUtilities.java INFO  [main] stepDefinitions.validpageStepDef 14 - dropaddress is clicked in page address
01-19-2022 22:55:36 ExtentLogUtilities.java INFO  [main] stepDefinitions.validpageStepDef 14 - dropaddress is send in page address
01-19-2022 22:55:42 ExtentLogUtilities.java INFO  [main] stepDefinitions.validpageStepDef 14 - dropaddress is clicked in page address
01-19-2022 22:55:48 ExtentLogUtilities.java INFO  [main] stepDefinitions.validpageStepDef 14 - selected is clicked in page select
01-19-2022 22:55:52 ExtentLogUtilities.java INFO  [main] stepDefinitions.validpageStepDef 14 - select car is clicked in page select
01-19-2022 22:55:59 ExtentLogUtilities.java INFO  [main] stepDefinitions.validpageStepDef 14 - booking detail shown 
01-19-2022 22:56:01 ExtentLogUtilities.java INFO  [main] stepDefinitions.validpageStepDef 14 - home page is clicked in page home page
]]></system-out>
    <system-err><![CDATA[Starting ChromeDriver 96.0.4664.45 (76e4c1bb2ab4671b8beba3444e61c0f17584b2fc-refs/branch-heads/4664@{#947}) on port 11433
Only local connections are allowed.
Please see https://chromedriver.chromium.org/security-considerations for suggestions on keeping ChromeDriver safe.
ChromeDriver was started successfully.
[1642613106.090][WARNING]: This version of ChromeDriver has not been tested with Chrome version 97.
Jan 19, 2022 10:55:07 PM org.openqa.selenium.remote.ProtocolHandshake createSession
INFO: Detected dialect: W3C
]]></system-err>
  </testcase>
  <testcase name="runScenario[&quot;verify download app&quot;, &quot;Optional[download app]&quot;](6)" classname="com.mindtree.runner.BDDTestRunner" time="29.593">
    <system-out><![CDATA[downloadapp page
01-19-2022 22:56:18 ExtentLogUtilities.java INFO  [main] stepDefinitions.downloadappStepDef 14 - URL Opened
01-19-2022 22:56:20 ExtentLogUtilities.java INFO  [main] stepDefinitions.downloadappStepDef 14 - playstore is clicked in page playstore
01-19-2022 22:56:28 ExtentLogUtilities.java INFO  [main] stepDefinitions.downloadappStepDef 14 - playsrore detail shown 
01-19-2022 22:56:30 ExtentLogUtilities.java INFO  [main] stepDefinitions.downloadappStepDef 14 - home page is clicked in page home page
]]></system-out>
    <system-err><![CDATA[Starting ChromeDriver 96.0.4664.45 (76e4c1bb2ab4671b8beba3444e61c0f17584b2fc-refs/branch-heads/4664@{#947}) on port 32487
Only local connections are allowed.
Please see https://chromedriver.chromium.org/security-considerations for suggestions on keeping ChromeDriver safe.
ChromeDriver was started successfully.
[1642613167.084][WARNING]: This version of ChromeDriver has not been tested with Chrome version 97.
Jan 19, 2022 10:56:07 PM org.openqa.selenium.remote.ProtocolHandshake createSession
INFO: Detected dialect: W3C
]]></system-err>
  </testcase>
  <testcase name="runScenario[&quot;selecting car in local&quot;, &quot;Optional[local book]&quot;](7)" classname="com.mindtree.runner.BDDTestRunner" time="37.889">
    <system-out><![CDATA[Valid page
01-19-2022 22:56:48 ExtentLogUtilities.java INFO  [main] stepDefinitions.validpageStepDef 14 - URL Opened
01-19-2022 22:56:50 ExtentLogUtilities.java INFO  [main] stepDefinitions.validpageStepDef 14 - local is clicked in page local
01-19-2022 22:56:51 ExtentLogUtilities.java INFO  [main] stepDefinitions.validpageStepDef 14 - from place is clicked in page from
01-19-2022 22:56:54 ExtentLogUtilities.java INFO  [main] stepDefinitions.validpageStepDef 14 - place is send in page from
01-19-2022 22:56:58 ExtentLogUtilities.java INFO  [main] stepDefinitions.validpageStepDef 14 - selected is clicked in page select
01-19-2022 22:57:01 ExtentLogUtilities.java INFO  [main] stepDefinitions.validpageStepDef 14 - time is clicked in page time
01-19-2022 22:57:03 ExtentLogUtilities.java INFO  [main] stepDefinitions.validpageStepDef 14 - select car is clicked in page select
01-19-2022 22:57:04 ExtentLogUtilities.java INFO  [main] stepDefinitions.validpageStepDef 14 - booking detail shown 
01-19-2022 22:57:06 ExtentLogUtilities.java INFO  [main] stepDefinitions.validpageStepDef 14 - home page is clicked in page home page
]]></system-out>
    <system-err><![CDATA[Starting ChromeDriver 96.0.4664.45 (76e4c1bb2ab4671b8beba3444e61c0f17584b2fc-refs/branch-heads/4664@{#947}) on port 39394
Only local connections are allowed.
Please see https://chromedriver.chromium.org/security-considerations for suggestions on keeping ChromeDriver safe.
ChromeDriver was started successfully.
[1642613194.732][WARNING]: This version of ChromeDriver has not been tested with Chrome version 97.
Jan 19, 2022 10:56:35 PM org.openqa.selenium.remote.ProtocolHandshake createSession
INFO: Detected dialect: W3C
]]></system-err>
  </testcase>
  <testcase name="runScenario[&quot;selecting car in outstation&quot;, &quot;Optional[Outstation book]&quot;](8)" classname="com.mindtree.runner.BDDTestRunner" time="46.589">
    <system-out><![CDATA[out station
01-19-2022 22:57:29 ExtentLogUtilities.java INFO  [main] stepDefinitions.outstationStepDef 14 - URL Opened
01-19-2022 22:57:30 ExtentLogUtilities.java INFO  [main] stepDefinitions.outstationStepDef 14 - from place is clicked in page from
01-19-2022 22:57:32 ExtentLogUtilities.java INFO  [main] stepDefinitions.outstationStepDef 14 - place is send in page from
01-19-2022 22:57:34 ExtentLogUtilities.java INFO  [main] stepDefinitions.outstationStepDef 14 - place is clicked in page to
01-19-2022 22:57:36 ExtentLogUtilities.java INFO  [main] stepDefinitions.outstationStepDef 14 - place is send in page to
01-19-2022 22:57:38 ExtentLogUtilities.java INFO  [main] stepDefinitions.outstationStepDef 14 - place is clicked in page to
01-19-2022 22:57:45 ExtentLogUtilities.java INFO  [main] stepDefinitions.outstationStepDef 14 - selected is clicked in page select
01-19-2022 22:57:47 ExtentLogUtilities.java INFO  [main] stepDefinitions.outstationStepDef 14 - Successfully verified
01-19-2022 22:57:51 ExtentLogUtilities.java INFO  [main] stepDefinitions.outstationStepDef 14 - home page is clicked in page home page
]]></system-out>
    <system-err><![CDATA[Starting ChromeDriver 96.0.4664.45 (76e4c1bb2ab4671b8beba3444e61c0f17584b2fc-refs/branch-heads/4664@{#947}) on port 38675
Only local connections are allowed.
Please see https://chromedriver.chromium.org/security-considerations for suggestions on keeping ChromeDriver safe.
ChromeDriver was started successfully.
[1642613233.328][WARNING]: This version of ChromeDriver has not been tested with Chrome version 97.
Jan 19, 2022 10:57:13 PM org.openqa.selenium.remote.ProtocolHandshake createSession
INFO: Detected dialect: W3C
]]></system-err>
  </testcase>
  <testcase name="runScenario[&quot;selecting car in roundtrip&quot;, &quot;Optional[roundtrip book]&quot;](9)" classname="com.mindtree.runner.BDDTestRunner" time="58.971">
    <system-out><![CDATA[Valid page
01-19-2022 22:58:22 ExtentLogUtilities.java INFO  [main] stepDefinitions.validpageStepDef 14 - URL Opened
01-19-2022 22:58:26 ExtentLogUtilities.java INFO  [main] stepDefinitions.validpageStepDef 14 - round is clicked in page round
01-19-2022 22:58:28 ExtentLogUtilities.java INFO  [main] stepDefinitions.validpageStepDef 14 - from place is clicked in page from
01-19-2022 22:58:30 ExtentLogUtilities.java INFO  [main] stepDefinitions.validpageStepDef 14 - place is send in page from
01-19-2022 22:58:32 ExtentLogUtilities.java INFO  [main] stepDefinitions.validpageStepDef 14 - place is clicked in page to
01-19-2022 22:58:34 ExtentLogUtilities.java INFO  [main] stepDefinitions.validpageStepDef 14 - place is send in page to
01-19-2022 22:58:35 ExtentLogUtilities.java INFO  [main] stepDefinitions.validpageStepDef 14 - place is clicked in page to
01-19-2022 22:58:42 ExtentLogUtilities.java INFO  [main] stepDefinitions.validpageStepDef 14 - selected is clicked in page select
01-19-2022 22:58:47 ExtentLogUtilities.java INFO  [main] stepDefinitions.validpageStepDef 14 - select car is clicked in page select
01-19-2022 22:58:49 ExtentLogUtilities.java INFO  [main] stepDefinitions.validpageStepDef 14 - booking detail shown 
01-19-2022 22:58:51 ExtentLogUtilities.java INFO  [main] stepDefinitions.validpageStepDef 14 - home page is clicked in page home page
]]></system-out>
    <system-err><![CDATA[Starting ChromeDriver 96.0.4664.45 (76e4c1bb2ab4671b8beba3444e61c0f17584b2fc-refs/branch-heads/4664@{#947}) on port 13273
Only local connections are allowed.
Please see https://chromedriver.chromium.org/security-considerations for suggestions on keeping ChromeDriver safe.
ChromeDriver was started successfully.
[1642613283.633][WARNING]: This version of ChromeDriver has not been tested with Chrome version 97.
Jan 19, 2022 10:58:04 PM org.openqa.selenium.remote.ProtocolHandshake createSession
INFO: Detected dialect: W3C
]]></system-err>
  </testcase>
  <testcase name="runScenario[&quot;validate the page title&quot;, &quot;Optional[Validate Page]&quot;](10)" classname="com.mindtree.runner.BDDTestRunner" time="25.571">
    <system-out><![CDATA[Valid page
01-19-2022 22:59:18 ExtentLogUtilities.java INFO  [main] stepDefinitions.validpageStepDef 14 - URL Opened
01-19-2022 22:59:19 ExtentLogUtilities.java INFO  [main] stepDefinitions.validpageStepDef 14 - Page opend with title Book Outstation Cabs, Local & Airport Taxi Service - India's Leading Car Rentals
]]></system-out>
    <system-err><![CDATA[Starting ChromeDriver 96.0.4664.45 (76e4c1bb2ab4671b8beba3444e61c0f17584b2fc-refs/branch-heads/4664@{#947}) on port 28984
Only local connections are allowed.
Please see https://chromedriver.chromium.org/security-considerations for suggestions on keeping ChromeDriver safe.
ChromeDriver was started successfully.
[1642613341.558][WARNING]: This version of ChromeDriver has not been tested with Chrome version 97.
Jan 19, 2022 10:59:02 PM org.openqa.selenium.remote.ProtocolHandshake createSession
INFO: Detected dialect: W3C
]]></system-err>
  </testcase>
</testsuite>