<?xml version="1.0" encoding="UTF-8"?>
<!-- Generated by org.testng.reporters.JUnitReportReporter -->
<testsuite hostname="DESKTOP-FR921NH" failures="0" tests="10" name="com.mindtree.runner.BDDTestRunner" time="547.846" errors="1" timestamp="2022-01-19T22:42:24 IST" skipped="0">
  <testcase classname="com.mindtree.runner.BDDTestRunner" name="runScenario" time="32.312"/>
  <testcase classname="com.mindtree.runner.BDDTestRunner" name="runScenario" time="45.451"/>
  <testcase classname="com.mindtree.runner.BDDTestRunner" name="runScenario" time="26.542"/>
  <testcase classname="com.mindtree.runner.BDDTestRunner" name="runScenario" time="65.932"/>
  <testcase classname="com.mindtree.runner.BDDTestRunner" name="runScenario" time="47.878">
    <error message="img is not able clicked in page img" type="com.mindtree.exceptions.ReusableComponentException">
      <![CDATA[com.mindtree.exceptions.ReusableComponentException: img is not able clicked in page img
at com.mindtree.reusableComponents.WebDriverSupport.click(WebDriverSupport.java:22)
at com.mindtree.pageObject.Signout.SignOut(Signout.java:35)
at com.mindtree.stepDefinitions.SignoutStepDef.click_on_sign_out_in_so(SignoutStepDef.java:59)
at ✽.click on sign out in so(file:///C:/Users/DELL/Desktop/COMPREHENSIVE%20ASSESMENTS/Comprehensive%20assesments/Comprehensive_Assesment-Bdd-main/Features/Signout.feature:9)
]]>
    </error>
  </testcase> <!-- runScenario -->
  <testcase classname="com.mindtree.runner.BDDTestRunner" name="runScenario" time="41.353"/>
  <testcase classname="com.mindtree.runner.BDDTestRunner" name="runScenario" time="160.020"/>
  <testcase classname="com.mindtree.runner.BDDTestRunner" name="runScenario" time="49.872"/>
  <testcase classname="com.mindtree.runner.BDDTestRunner" name="runScenario" time="37.345"/>
  <testcase classname="com.mindtree.runner.BDDTestRunner" name="runScenario" time="41.141"/>
</testsuite> <!-- com.mindtree.runner.BDDTestRunner -->
